#
# A fatal error has been detected by the Java Runtime Environment:
#
#  EXCEPTION_PRIV_INSTRUCTION (0xc0000096) at pc=0x00000000029159ad, pid=7900, tid=0x0000000000003ef8
#
# JRE version: Java(TM) SE Runtime Environment (8.0_201-b09) (build 1.8.0_201-b09)
# Java VM: Java HotSpot(TM) 64-Bit Server VM (25.201-b09 mixed mode windows-amd64 compressed oops)
# Problematic frame:
# 
[error occurred during error reporting (printing problematic frame), id 0xc0000005]

# Failed to write core dump. Minidumps are not enabled by default on client versions of Windows
#
# If you would like to submit a bug report, please visit:
#   http://bugreport.java.com/bugreport/crash.jsp
#

---------------  T H R E A D  ---------------

Current thread (0x0000000018e2e800):  JavaThread "http-nio-8080-exec-1" daemon [_thread_in_Java, id=16120, stack(0x000000001fa20000,0x000000001fb20000)]

siginfo: ExceptionCode=0xc0000096

Registers:
RAX=0x0000000000000000, RBX=0x00000000000000cf, RCX=0x0000000000000000, RDX=0x0000000000000000
RSP=0x000000001fb1c110, RBP=0x000000001fb1c1a8, RSI=0x0000000018e2e800, RDI=0x00000000ffffffff
R8 =0x0000000000000061, R9 =0x0000000002601850, R10=0x0000000000000061, R11=0x000000001fb1b8e0
R12=0x0000000000000000, R13=0x000000001bdb45a2, R14=0x000000001fb1c1b0, R15=0x0000000018e2e800
RIP=0x00000000029159ad, EFLAGS=0x0000000000010202

Top of Stack: (sp=0x000000001fb1c110)
0x000000001fb1c110:   000000001fb1c3b8 0000000018e2e800
0x000000001fb1c120:   00000000000000cf 0000000018e2e800
0x000000001fb1c130:   0000000000000000 0000000020741748
0x000000001fb1c140:   0000000052efeef0 0000000000000012
0x000000001fb1c150:   0000000000000012 00000000ffffffff
0x000000001fb1c160:   0000000018e2e800 000000001fb1c1a8
0x000000001fb1c170:   000000001fb1c198 00000000000000cf
0x000000001fb1c180:   0000000000000011 0000000000000008
0x000000001fb1c190:   0000000020741748 0000000000000000
0x000000001fb1c1a0:   000000001fb1c168 000000001fb1c290
0x000000001fb1c1b0:   00000000029108da 0000000000000000
0x000000001fb1c1c0:   0000000000000000 0000000000000000
0x000000001fb1c1d0:   0000000000000000 0000000000000000
0x000000001fb1c1e0:   0000000000000000 0000000000000000
0x000000001fb1c1f0:   0000000000000000 0000000000000000
0x000000001fb1c200:   0000000000000000 0000000000000000 

Instructions: (pc=0x00000000029159ad)
0x000000000291598d:   48 b9 b0 cf ce 52 00 00 00 00 48 ba 37 59 91 02
0x000000000291599d:   00 00 00 00 4c 8b c4 48 83 e4 f0 e8 d3 11 0d 50
0x00000000029159ad:   f4 66 90 00 00 00 00 00 00 00 00 00 00 00 00 00
0x00000000029159bd:   00 00 00 80 20 00 00 00 00 00 00 98 cf ce 52 00 


Register to memory mapping:

RAX=0x0000000000000000 is an unknown value
RBX=0x00000000000000cf is an unknown value
RCX=0x0000000000000000 is an unknown value
RDX=0x0000000000000000 is an unknown value
RSP=0x000000001fb1c110 is pointing into the stack for thread: 0x0000000018e2e800
RBP=0x000000001fb1c1a8 is pointing into the stack for thread: 0x0000000018e2e800
RSI=0x0000000018e2e800 is a thread
RDI=0x00000000ffffffff is an unallocated location in the heap
R8 =0x0000000000000061 is an unknown value
R9 =0x0000000002601850 is an unknown value
R10=0x0000000000000061 is an unknown value
R11=0x000000001fb1b8e0 is pointing into the stack for thread: 0x0000000018e2e800
R12=0x0000000000000000 is an unknown value
R13=0x000000001bdb45a2 is pointing into metadata
R14=0x000000001fb1c1b0 is pointing into the stack for thread: 0x0000000018e2e800
R15=0x0000000018e2e800 is a thread


Stack: [0x000000001fa20000,0x000000001fb20000],  sp=0x000000001fb1c110,  free space=1008k
Native frames: (J=compiled Java code, j=interpreted, Vv=VM code, C=native code)
C  0x00000000029159ad


---------------  P R O C E S S  ---------------

Java Threads: ( => current thread )
  0x000000001a3b8000 JavaThread "RMI TCP Connection(idle)" daemon [_thread_blocked, id=9276, stack(0x0000000020920000,0x0000000020a20000)]
  0x000000001a3b7000 JavaThread "DestroyJavaVM" [_thread_blocked, id=12864, stack(0x0000000002610000,0x0000000002710000)]
  0x000000001a3b2800 JavaThread "RMI TCP Connection(idle)" daemon [_thread_blocked, id=14692, stack(0x0000000020820000,0x0000000020920000)]
  0x000000001a3b5000 JavaThread "http-nio-8080-Acceptor" daemon [_thread_in_native, id=12912, stack(0x0000000020520000,0x0000000020620000)]
  0x000000001a3b3800 JavaThread "http-nio-8080-ClientPoller" daemon [_thread_in_native, id=6476, stack(0x0000000020420000,0x0000000020520000)]
  0x000000001a3b1000 JavaThread "http-nio-8080-exec-10" daemon [_thread_blocked, id=9272, stack(0x0000000020320000,0x0000000020420000)]
  0x000000001a3b6800 JavaThread "http-nio-8080-exec-9" daemon [_thread_blocked, id=8836, stack(0x0000000020220000,0x0000000020320000)]
  0x000000001a3b0800 JavaThread "http-nio-8080-exec-8" daemon [_thread_blocked, id=14016, stack(0x0000000020120000,0x0000000020220000)]
  0x000000001a3b2000 JavaThread "http-nio-8080-exec-7" daemon [_thread_blocked, id=18116, stack(0x0000000020020000,0x0000000020120000)]
  0x0000000018e32000 JavaThread "http-nio-8080-exec-6" daemon [_thread_blocked, id=18328, stack(0x000000001ff20000,0x0000000020020000)]
  0x0000000018e31800 JavaThread "http-nio-8080-exec-5" daemon [_thread_blocked, id=6768, stack(0x000000001fe20000,0x000000001ff20000)]
  0x0000000018e30800 JavaThread "http-nio-8080-exec-4" daemon [_thread_blocked, id=2708, stack(0x000000001fd20000,0x000000001fe20000)]
  0x0000000018e30000 JavaThread "http-nio-8080-exec-3" daemon [_thread_blocked, id=13708, stack(0x000000001fc20000,0x000000001fd20000)]
  0x0000000018e2f000 JavaThread "http-nio-8080-exec-2" daemon [_thread_blocked, id=16164, stack(0x000000001fb20000,0x000000001fc20000)]
=>0x0000000018e2e800 JavaThread "http-nio-8080-exec-1" daemon [_thread_in_Java, id=16120, stack(0x000000001fa20000,0x000000001fb20000)]
  0x0000000018e2d000 JavaThread "http-nio-8080-BlockPoller" daemon [_thread_in_native, id=10724, stack(0x000000001f920000,0x000000001fa20000)]
  0x0000000018e33800 JavaThread "Atmosphere-Shared-0" daemon [_thread_blocked, id=2220, stack(0x000000001f820000,0x000000001f920000)]
  0x0000000018e33000 JavaThread "Atmosphere-Scheduler-1" daemon [_thread_blocked, id=1480, stack(0x000000001f620000,0x000000001f720000)]
  0x0000000018e2d800 JavaThread "Atmosphere-Scheduler-0" daemon [_thread_blocked, id=8392, stack(0x000000001f520000,0x000000001f620000)]
  0x000000001d050800 JavaThread "container-0" [_thread_blocked, id=15904, stack(0x000000001f220000,0x000000001f320000)]
  0x000000001d050000 JavaThread "Catalina-utility-2" [_thread_blocked, id=104, stack(0x000000001f120000,0x000000001f220000)]
  0x000000001d04f800 JavaThread "Catalina-utility-1" [_thread_blocked, id=14860, stack(0x000000001f020000,0x000000001f120000)]
  0x000000001aafc800 JavaThread "HikariPool-1 connection adder" daemon [_thread_blocked, id=17012, stack(0x000000001e120000,0x000000001e220000)]
  0x0000000019433000 JavaThread "HikariPool-1 housekeeper" daemon [_thread_blocked, id=3272, stack(0x000000001e020000,0x000000001e120000)]
  0x000000001ca29000 JavaThread "mysql-cj-abandoned-connection-cleanup" daemon [_thread_blocked, id=13452, stack(0x000000001a120000,0x000000001a220000)]
  0x000000001a826000 JavaThread "RMI Scheduler(0)" daemon [_thread_blocked, id=7212, stack(0x000000001be50000,0x000000001bf50000)]
  0x000000001a7b7800 JavaThread "RMI TCP Connection(4)-192.168.209.1" daemon [_thread_in_native, id=7008, stack(0x000000001bb50000,0x000000001bc50000)]
  0x00000000195c3800 JavaThread "RMI TCP Accept-0" daemon [_thread_in_native, id=14960, stack(0x0000000019f20000,0x000000001a020000)]
  0x0000000019384800 JavaThread "Service Thread" daemon [_thread_blocked, id=14700, stack(0x0000000019ae0000,0x0000000019be0000)]
  0x00000000192dc000 JavaThread "C1 CompilerThread2" daemon [_thread_blocked, id=17288, stack(0x00000000199e0000,0x0000000019ae0000)]
  0x00000000192d9800 JavaThread "C2 CompilerThread1" daemon [_thread_blocked, id=17368, stack(0x00000000198e0000,0x00000000199e0000)]
  0x00000000192d8800 JavaThread "C2 CompilerThread0" daemon [_thread_blocked, id=1632, stack(0x00000000197e0000,0x00000000198e0000)]
  0x0000000019312800 JavaThread "Monitor Ctrl-Break" daemon [_thread_in_native, id=2480, stack(0x00000000196e0000,0x00000000197e0000)]
  0x0000000017472800 JavaThread "Attach Listener" daemon [_thread_blocked, id=14120, stack(0x00000000189e0000,0x0000000018ae0000)]
  0x0000000017471800 JavaThread "Signal Dispatcher" daemon [_thread_blocked, id=3028, stack(0x00000000188e0000,0x00000000189e0000)]
  0x0000000017453800 JavaThread "Finalizer" daemon [_thread_blocked, id=17300, stack(0x00000000186d0000,0x00000000187d0000)]
  0x000000000280e000 JavaThread "Reference Handler" daemon [_thread_blocked, id=17256, stack(0x00000000185d0000,0x00000000186d0000)]

Other Threads:
  0x0000000017427800 VMThread [stack: 0x00000000184d0000,0x00000000185d0000] [id=17244]
  0x00000000195cb000 WatcherThread [stack: 0x000000001a020000,0x000000001a120000] [id=18380]

VM state:synchronizing (normal execution)

VM Mutex/Monitor currently owned by a thread:  ([mutex/lock_event])
[0x0000000002716f80] Safepoint_lock - owner thread: 0x0000000017427800
[0x0000000002717580] Threads_lock - owner thread: 0x0000000017427800

heap address: 0x0000000081800000, size: 2024 MB, Compressed Oops mode: 32-bit
Narrow klass base: 0x0000000000000000, Narrow klass shift: 3
Compressed class space size: 1073741824 Address: 0x0000000100000000

Heap:
 PSYoungGen      total 271872K, used 54526K [0x00000000d5d80000, 0x00000000e9700000, 0x0000000100000000)
  eden space 254464K, 21% used [0x00000000d5d80000,0x00000000d92bfbe8,0x00000000e5600000)
  from space 17408K, 0% used [0x00000000e6780000,0x00000000e6780000,0x00000000e7880000)
  to   space 17920K, 0% used [0x00000000e5600000,0x00000000e5600000,0x00000000e6780000)
 ParOldGen       total 128512K, used 26388K [0x0000000081800000, 0x0000000089580000, 0x00000000d5d80000)
  object space 128512K, 20% used [0x0000000081800000,0x00000000831c52d8,0x0000000089580000)
 Metaspace       used 58031K, capacity 60965K, committed 61056K, reserved 1101824K
  class space    used 8031K, capacity 8540K, committed 8576K, reserved 1048576K

Card table byte_map: [0x0000000011cd0000,0x00000000120d0000] byte_map_base: 0x00000000118c4000

Marking Bits: (ParMarkBitMap*) 0x0000000052f14ce0
 Begin Bits: [0x0000000012780000, 0x0000000014720000)
 End Bits:   [0x0000000014720000, 0x00000000166c0000)

Polling page: 0x00000000007f0000

CodeCache: size=245760Kb used=10075Kb max_used=10075Kb free=235684Kb
 bounds [0x0000000002910000, 0x00000000032f0000, 0x0000000011910000]
 total_blobs=5775 nmethods=5203 adapters=483
 compilation: enabled

Compilation events (10 events):
Event: 19.364 Thread 0x00000000192dc000 5276       1       ch.qos.logback.core.pattern.SpacePadder::spacePad (53 bytes)
Event: 19.365 Thread 0x00000000192dc000 nmethod 5276 0x00000000032e5cd0 code [0x00000000032e5e60, 0x00000000032e6078]
Event: 19.374 Thread 0x00000000192dc000 5277       1       org.apache.tomcat.util.http.MimeHeaderField::getName (5 bytes)
Event: 19.374 Thread 0x00000000192dc000 nmethod 5277 0x00000000032e6290 code [0x00000000032e63e0, 0x00000000032e64f0]
Event: 19.384 Thread 0x00000000192dc000 5279       1       org.apache.tomcat.util.buf.ByteChunk::equalsIgnoreCase (76 bytes)
Event: 19.385 Thread 0x00000000192dc000 nmethod 5279 0x00000000032e6550 code [0x00000000032e66e0, 0x00000000032e6a08]
Event: 19.385 Thread 0x00000000192dc000 5278       1       org.apache.tomcat.util.buf.MessageBytes::equalsIgnoreCase (78 bytes)
Event: 19.385 Thread 0x00000000192dc000 nmethod 5278 0x00000000032e6d90 code [0x00000000032e6f20, 0x00000000032e7128]
Event: 19.398 Thread 0x00000000192dc000 5280       1       org.springframework.boot.env.RandomValuePropertySource::getProperty (68 bytes)
Event: 19.399 Thread 0x00000000192dc000 nmethod 5280 0x00000000032e7250 code [0x00000000032e7440, 0x00000000032e7888]

GC Heap History (10 events):
Event: 7.410 GC heap before
{Heap before GC invocations=11 (full 2):
 PSYoungGen      total 178688K, used 9270K [0x00000000d5d80000, 0x00000000e5280000, 0x0000000100000000)
  eden space 167424K, 0% used [0x00000000d5d80000,0x00000000d5d80000,0x00000000e0100000)
  from space 11264K, 82% used [0x00000000e0100000,0x00000000e0a0da28,0x00000000e0c00000)
  to   space 11776K, 0% used [0x00000000e4700000,0x00000000e4700000,0x00000000e5280000)
 ParOldGen       total 57856K, used 11786K [0x0000000081800000, 0x0000000085080000, 0x00000000d5d80000)
  object space 57856K, 20% used [0x0000000081800000,0x0000000082382820,0x0000000085080000)
 Metaspace       used 33741K, capacity 35359K, committed 35496K, reserved 1079296K
  class space    used 4439K, capacity 4752K, committed 4864K, reserved 1048576K
Event: 7.510 GC heap after
Heap after GC invocations=11 (full 2):
 PSYoungGen      total 178688K, used 0K [0x00000000d5d80000, 0x00000000e5280000, 0x0000000100000000)
  eden space 167424K, 0% used [0x00000000d5d80000,0x00000000d5d80000,0x00000000e0100000)
  from space 11264K, 0% used [0x00000000e0100000,0x00000000e0100000,0x00000000e0c00000)
  to   space 11776K, 0% used [0x00000000e4700000,0x00000000e4700000,0x00000000e5280000)
 ParOldGen       total 91648K, used 17308K [0x0000000081800000, 0x0000000087180000, 0x00000000d5d80000)
  object space 91648K, 18% used [0x0000000081800000,0x00000000828e7108,0x0000000087180000)
 Metaspace       used 33741K, capacity 35359K, committed 35496K, reserved 1079296K
  class space    used 4439K, capacity 4752K, committed 4864K, reserved 1048576K
}
Event: 9.741 GC heap before
{Heap before GC invocations=12 (full 2):
 PSYoungGen      total 178688K, used 167424K [0x00000000d5d80000, 0x00000000e5280000, 0x0000000100000000)
  eden space 167424K, 100% used [0x00000000d5d80000,0x00000000e0100000,0x00000000e0100000)
  from space 11264K, 0% used [0x00000000e0100000,0x00000000e0100000,0x00000000e0c00000)
  to   space 11776K, 0% used [0x00000000e4700000,0x00000000e4700000,0x00000000e5280000)
 ParOldGen       total 91648K, used 17308K [0x0000000081800000, 0x0000000087180000, 0x00000000d5d80000)
  object space 91648K, 18% used [0x0000000081800000,0x00000000828e7108,0x0000000087180000)
 Metaspace       used 45347K, capacity 47113K, committed 47488K, reserved 1089536K
  class space    used 6058K, capacity 6407K, committed 6528K, reserved 1048576K
Event: 9.756 GC heap after
Heap after GC invocations=12 (full 2):
 PSYoungGen      total 220160K, used 11774K [0x00000000d5d80000, 0x00000000e5280000, 0x0000000100000000)
  eden space 208384K, 0% used [0x00000000d5d80000,0x00000000d5d80000,0x00000000e2900000)
  from space 11776K, 99% used [0x00000000e4700000,0x00000000e527f820,0x00000000e5280000)
  to   space 13824K, 0% used [0x00000000e3780000,0x00000000e3780000,0x00000000e4500000)
 ParOldGen       total 91648K, used 19073K [0x0000000081800000, 0x0000000087180000, 0x00000000d5d80000)
  object space 91648K, 20% used [0x0000000081800000,0x0000000082aa0690,0x0000000087180000)
 Metaspace       used 45347K, capacity 47113K, committed 47488K, reserved 1089536K
  class space    used 6058K, capacity 6407K, committed 6528K, reserved 1048576K
}
Event: 12.743 GC heap before
{Heap before GC invocations=13 (full 2):
 PSYoungGen      total 220160K, used 220158K [0x00000000d5d80000, 0x00000000e5280000, 0x0000000100000000)
  eden space 208384K, 100% used [0x00000000d5d80000,0x00000000e2900000,0x00000000e2900000)
  from space 11776K, 99% used [0x00000000e4700000,0x00000000e527f820,0x00000000e5280000)
  to   space 13824K, 0% used [0x00000000e3780000,0x00000000e3780000,0x00000000e4500000)
 ParOldGen       total 91648K, used 19073K [0x0000000081800000, 0x0000000087180000, 0x00000000d5d80000)
  object space 91648K, 20% used [0x0000000081800000,0x0000000082aa0690,0x0000000087180000)
 Metaspace       used 54667K, capacity 57465K, committed 57600K, reserved 1099776K
  class space    used 7561K, capacity 8068K, committed 8192K, reserved 1048576K
Event: 12.767 GC heap after
Heap after GC invocations=13 (full 2):
 PSYoungGen      total 237056K, used 13803K [0x00000000d5d80000, 0x00000000e7880000, 0x0000000100000000)
  eden space 223232K, 0% used [0x00000000d5d80000,0x00000000d5d80000,0x00000000e3780000)
  from space 13824K, 99% used [0x00000000e3780000,0x00000000e44fadd8,0x00000000e4500000)
  to   space 17408K, 0% used [0x00000000e6780000,0x00000000e6780000,0x00000000e7880000)
 ParOldGen       total 91648K, used 24722K [0x0000000081800000, 0x0000000087180000, 0x00000000d5d80000)
  object space 91648K, 26% used [0x0000000081800000,0x0000000083024bd8,0x0000000087180000)
 Metaspace       used 54667K, capacity 57465K, committed 57600K, reserved 1099776K
  class space    used 7561K, capacity 8068K, committed 8192K, reserved 1048576K
}
Event: 12.986 GC heap before
{Heap before GC invocations=14 (full 2):
 PSYoungGen      total 237056K, used 48261K [0x00000000d5d80000, 0x00000000e7880000, 0x0000000100000000)
  eden space 223232K, 15% used [0x00000000d5d80000,0x00000000d7f26860,0x00000000e3780000)
  from space 13824K, 99% used [0x00000000e3780000,0x00000000e44fadd8,0x00000000e4500000)
  to   space 17408K, 0% used [0x00000000e6780000,0x00000000e6780000,0x00000000e7880000)
 ParOldGen       total 91648K, used 24722K [0x0000000081800000, 0x0000000087180000, 0x00000000d5d80000)
  object space 91648K, 26% used [0x0000000081800000,0x0000000083024bd8,0x0000000087180000)
 Metaspace       used 56256K, capacity 59049K, committed 59160K, reserved 1099776K
  class space    used 7770K, capacity 8272K, committed 8320K, reserved 1048576K
Event: 12.997 GC heap after
Heap after GC invocations=14 (full 2):
 PSYoungGen      total 271872K, used 1856K [0x00000000d5d80000, 0x00000000e9700000, 0x0000000100000000)
  eden space 254464K, 0% used [0x00000000d5d80000,0x00000000d5d80000,0x00000000e5600000)
  from space 17408K, 10% used [0x00000000e6780000,0x00000000e6950378,0x00000000e7880000)
  to   space 17920K, 0% used [0x00000000e5600000,0x00000000e5600000,0x00000000e6780000)
 ParOldGen       total 91648K, used 30602K [0x0000000081800000, 0x0000000087180000, 0x00000000d5d80000)
  object space 91648K, 33% used [0x0000000081800000,0x00000000835e28f0,0x0000000087180000)
 Metaspace       used 56256K, capacity 59049K, committed 59160K, reserved 1099776K
  class space    used 7770K, capacity 8272K, committed 8320K, reserved 1048576K
}
Event: 12.997 GC heap before
{Heap before GC invocations=15 (full 3):
 PSYoungGen      total 271872K, used 1856K [0x00000000d5d80000, 0x00000000e9700000, 0x0000000100000000)
  eden space 254464K, 0% used [0x00000000d5d80000,0x00000000d5d80000,0x00000000e5600000)
  from space 17408K, 10% used [0x00000000e6780000,0x00000000e6950378,0x00000000e7880000)
  to   space 17920K, 0% used [0x00000000e5600000,0x00000000e5600000,0x00000000e6780000)
 ParOldGen       total 91648K, used 30602K [0x0000000081800000, 0x0000000087180000, 0x00000000d5d80000)
  object space 91648K, 33% used [0x0000000081800000,0x00000000835e28f0,0x0000000087180000)
 Metaspace       used 56256K, capacity 59049K, committed 59160K, reserved 1099776K
  class space    used 7770K, capacity 8272K, committed 8320K, reserved 1048576K
Event: 13.254 GC heap after
Heap after GC invocations=15 (full 3):
 PSYoungGen      total 271872K, used 0K [0x00000000d5d80000, 0x00000000e9700000, 0x0000000100000000)
  eden space 254464K, 0% used [0x00000000d5d80000,0x00000000d5d80000,0x00000000e5600000)
  from space 17408K, 0% used [0x00000000e6780000,0x00000000e6780000,0x00000000e7880000)
  to   space 17920K, 0% used [0x00000000e5600000,0x00000000e5600000,0x00000000e6780000)
 ParOldGen       total 128512K, used 26388K [0x0000000081800000, 0x0000000089580000, 0x00000000d5d80000)
  object space 128512K, 20% used [0x0000000081800000,0x00000000831c52d8,0x0000000089580000)
 Metaspace       used 56256K, capacity 59049K, committed 59160K, reserved 1099776K
  class space    used 7770K, capacity 8272K, committed 8320K, reserved 1048576K
}

Deoptimization events (0 events):
No events

Classes redefined (0 events):
No events

Internal exceptions (10 events):
Event: 12.602 Thread 0x000000000271a000 Exception <a 'java/lang/ArrayIndexOutOfBoundsException'> (0x00000000e17b8020) thrown at [C:\re\workspace\8-2-build-windows-amd64-cygwin\jdk8u201\12322\hotspot\src\share\vm\runtime\sharedRuntime.cpp, line 605]
Event: 12.618 Thread 0x000000000271a000 Exception <a 'java/lang/ArrayIndexOutOfBoundsException'> (0x00000000e18c6578) thrown at [C:\re\workspace\8-2-build-windows-amd64-cygwin\jdk8u201\12322\hotspot\src\share\vm\runtime\sharedRuntime.cpp, line 605]
Event: 12.680 Thread 0x000000000271a000 Exception <a 'java/lang/ArrayIndexOutOfBoundsException'> (0x00000000e20e1918) thrown at [C:\re\workspace\8-2-build-windows-amd64-cygwin\jdk8u201\12322\hotspot\src\share\vm\runtime\sharedRuntime.cpp, line 605]
Event: 12.739 Thread 0x000000000271a000 Exception <a 'java/lang/ArrayIndexOutOfBoundsException'> (0x00000000e28a2858) thrown at [C:\re\workspace\8-2-build-windows-amd64-cygwin\jdk8u201\12322\hotspot\src\share\vm\runtime\sharedRuntime.cpp, line 605]
Event: 12.773 Thread 0x000000000271a000 Exception <a 'java/lang/ArrayIndexOutOfBoundsException'> (0x00000000d5e32840) thrown at [C:\re\workspace\8-2-build-windows-amd64-cygwin\jdk8u201\12322\hotspot\src\share\vm\runtime\sharedRuntime.cpp, line 605]
Event: 13.387 Thread 0x000000000271a000 Exception <a 'java/lang/ClassNotFoundException': java/lang/ObjectCustomizer> (0x00000000d6b9b8f0) thrown at [C:\re\workspace\8-2-build-windows-amd64-cygwin\jdk8u201\12322\hotspot\src\share\vm\classfile\systemDictionary.cpp, line 210]
Event: 13.387 Thread 0x000000000271a000 Exception <a 'java/lang/ArrayIndexOutOfBoundsException'> (0x00000000d6b9ec38) thrown at [C:\re\workspace\8-2-build-windows-amd64-cygwin\jdk8u201\12322\hotspot\src\share\vm\runtime\sharedRuntime.cpp, line 605]
Event: 13.387 Thread 0x000000000271a000 Exception <a 'java/lang/ClassNotFoundException': app/entities/WynikiEntityCustomizer> (0x00000000d6bc6cb0) thrown at [C:\re\workspace\8-2-build-windows-amd64-cygwin\jdk8u201\12322\hotspot\src\share\vm\classfile\systemDictionary.cpp, line 210]
Event: 14.430 Thread 0x000000000271a000 Exception <a 'java/lang/ArrayIndexOutOfBoundsException'> (0x00000000d716d008) thrown at [C:\re\workspace\8-2-build-windows-amd64-cygwin\jdk8u201\12322\hotspot\src\share\vm\runtime\sharedRuntime.cpp, line 605]
Event: 14.523 Thread 0x000000000271a000 Exception <a 'java/lang/ArrayIndexOutOfBoundsException'> (0x00000000d7231748) thrown at [C:\re\workspace\8-2-build-windows-amd64-cygwin\jdk8u201\12322\hotspot\src\share\vm\runtime\sharedRuntime.cpp, line 605]

Events (10 events):
Event: 19.397 loading class org/springframework/web/context/request/async/StandardServletAsyncWebRequest
Event: 19.397 loading class com/vaadin/flow/spring/SpringServlet
Event: 19.397 loading class org/springframework/web/context/request/async/StandardServletAsyncWebRequest done
Event: 19.397 loading class com/vaadin/flow/spring/SpringServlet done
Event: 19.398 loading class org/springframework/web/context/request/async/AsyncWebRequest
Event: 19.398 loading class org/springframework/web/context/request/async/AsyncWebRequest done
Event: 19.398 loading class org/springframework/web/context/request/async/AsyncWebRequest
Event: 19.398 loading class org/springframework/web/context/request/async/AsyncWebRequest done
Event: 19.398 loading class org/springframework/web/context/request/async/AsyncWebRequest
Event: 19.398 loading class org/springframework/web/context/request/async/AsyncWebRequest done


Dynamic libraries:
0x00007ff63e4a0000 - 0x00007ff63e4d7000 	C:\Program Files\Java\jdk1.8.0_201\bin\java.exe
0x00007ffea5280000 - 0x00007ffea5470000 	C:\WINDOWS\SYSTEM32\ntdll.dll
0x00007ffe7eb70000 - 0x00007ffe7eb82000 	C:\Program Files\AVAST Software\Avast\aswhook.dll
0x00007ffea3670000 - 0x00007ffea3722000 	C:\WINDOWS\System32\KERNEL32.DLL
0x00007ffea26d0000 - 0x00007ffea2973000 	C:\WINDOWS\System32\KERNELBASE.dll
0x00007ffea3340000 - 0x00007ffea33e3000 	C:\WINDOWS\System32\ADVAPI32.dll
0x00007ffea3850000 - 0x00007ffea38ee000 	C:\WINDOWS\System32\msvcrt.dll
0x00007ffea3bc0000 - 0x00007ffea3c57000 	C:\WINDOWS\System32\sechost.dll
0x00007ffea3730000 - 0x00007ffea3850000 	C:\WINDOWS\System32\RPCRT4.dll
0x00007ffea4f50000 - 0x00007ffea50e3000 	C:\WINDOWS\System32\USER32.dll
0x00007ffea2410000 - 0x00007ffea2431000 	C:\WINDOWS\System32\win32u.dll
0x00007ffea42e0000 - 0x00007ffea4306000 	C:\WINDOWS\System32\GDI32.dll
0x00007ffea2270000 - 0x00007ffea2404000 	C:\WINDOWS\System32\gdi32full.dll
0x00007ffea24c0000 - 0x00007ffea255e000 	C:\WINDOWS\System32\msvcp_win.dll
0x00007ffea3240000 - 0x00007ffea333a000 	C:\WINDOWS\System32\ucrtbase.dll
0x00007ffe8fae0000 - 0x00007ffe8fd65000 	C:\WINDOWS\WinSxS\amd64_microsoft.windows.common-controls_6595b64144ccf1df_6.0.18362.239_none_e6c7aebd130c7608\COMCTL32.dll
0x00007ffea3e90000 - 0x00007ffea41c6000 	C:\WINDOWS\System32\combase.dll
0x00007ffea2440000 - 0x00007ffea24c0000 	C:\WINDOWS\System32\bcryptPrimitives.dll
0x00007ffea3640000 - 0x00007ffea366e000 	C:\WINDOWS\System32\IMM32.DLL
0x00000000540e0000 - 0x00000000541b1000 	C:\Program Files\Java\jdk1.8.0_201\jre\bin\msvcr100.dll
0x00000000526f0000 - 0x0000000052f94000 	C:\Program Files\Java\jdk1.8.0_201\jre\bin\server\jvm.dll
0x00007ffea3e80000 - 0x00007ffea3e88000 	C:\WINDOWS\System32\PSAPI.DLL
0x00007ffea0ae0000 - 0x00007ffea0ae9000 	C:\WINDOWS\SYSTEM32\WSOCK32.dll
0x00007ffea3c60000 - 0x00007ffea3ccf000 	C:\WINDOWS\System32\WS2_32.dll
0x00007ffe9fb30000 - 0x00007ffe9fb54000 	C:\WINDOWS\SYSTEM32\WINMM.dll
0x00007ffe94650000 - 0x00007ffe9465a000 	C:\WINDOWS\SYSTEM32\VERSION.dll
0x00007ffe9fb00000 - 0x00007ffe9fb2d000 	C:\WINDOWS\SYSTEM32\WINMMBASE.dll
0x00007ffea2220000 - 0x00007ffea226a000 	C:\WINDOWS\System32\cfgmgr32.dll
0x00007ffe9e1c0000 - 0x00007ffe9e1cf000 	C:\Program Files\Java\jdk1.8.0_201\jre\bin\verify.dll
0x00007ffe9df10000 - 0x00007ffe9df39000 	C:\Program Files\Java\jdk1.8.0_201\jre\bin\java.dll
0x00007ffe807c0000 - 0x00007ffe807e3000 	C:\Program Files\Java\jdk1.8.0_201\jre\bin\instrument.dll
0x00007ffe9b0b0000 - 0x00007ffe9b0c6000 	C:\Program Files\Java\jdk1.8.0_201\jre\bin\zip.dll
0x00007ffea4860000 - 0x00007ffea4f40000 	C:\WINDOWS\System32\SHELL32.dll
0x00007ffea41d0000 - 0x00007ffea4279000 	C:\WINDOWS\System32\shcore.dll
0x00007ffea29b0000 - 0x00007ffea312b000 	C:\WINDOWS\System32\windows.storage.dll
0x00007ffea2200000 - 0x00007ffea221f000 	C:\WINDOWS\System32\profapi.dll
0x00007ffea2190000 - 0x00007ffea21da000 	C:\WINDOWS\System32\powrprof.dll
0x00007ffea2160000 - 0x00007ffea2170000 	C:\WINDOWS\System32\UMPDC.dll
0x00007ffea34a0000 - 0x00007ffea34f2000 	C:\WINDOWS\System32\shlwapi.dll
0x00007ffea21e0000 - 0x00007ffea21f1000 	C:\WINDOWS\System32\kernel.appcore.dll
0x00007ffea26b0000 - 0x00007ffea26c7000 	C:\WINDOWS\System32\cryptsp.dll
0x00007ffe8ac00000 - 0x00007ffe8ac1a000 	C:\Program Files\JetBrains\IntelliJ IDEA 2019.1.2\bin\breakgen64.dll
0x00007ffe996f0000 - 0x00007ffe9970a000 	C:\Program Files\Java\jdk1.8.0_201\jre\bin\net.dll
0x00007ffe95f00000 - 0x00007ffe960d6000 	C:\WINDOWS\SYSTEM32\urlmon.dll
0x00007ffe95c50000 - 0x00007ffe95ef6000 	C:\WINDOWS\SYSTEM32\iertutil.dll
0x00007ffea1b40000 - 0x00007ffea1b4c000 	C:\WINDOWS\SYSTEM32\CRYPTBASE.DLL
0x00007ffea1970000 - 0x00007ffea19d7000 	C:\WINDOWS\system32\mswsock.dll
0x00007ffea1720000 - 0x00007ffea17ea000 	C:\WINDOWS\SYSTEM32\DNSAPI.dll
0x00007ffea5160000 - 0x00007ffea5168000 	C:\WINDOWS\System32\NSI.dll
0x00007ffea16d0000 - 0x00007ffea170a000 	C:\WINDOWS\SYSTEM32\IPHLPAPI.DLL
0x00007ffe93a80000 - 0x00007ffe93a8a000 	C:\Windows\System32\rasadhlp.dll
0x00007ffe96b40000 - 0x00007ffe96bb7000 	C:\WINDOWS\System32\fwpuclnt.dll
0x00007ffea2980000 - 0x00007ffea29a6000 	C:\WINDOWS\System32\bcrypt.dll
0x00007ffe92420000 - 0x00007ffe9242d000 	C:\Program Files\Java\jdk1.8.0_201\jre\bin\management.dll
0x00007ffe927b0000 - 0x00007ffe927c1000 	C:\Program Files\Java\jdk1.8.0_201\jre\bin\nio.dll
0x00007ffea1530000 - 0x00007ffea1563000 	C:\WINDOWS\system32\rsaenh.dll
0x00007ffea2080000 - 0x00007ffea20a5000 	C:\WINDOWS\SYSTEM32\USERENV.dll
0x00007ffe97250000 - 0x00007ffe97266000 	C:\WINDOWS\SYSTEM32\dhcpcsvc6.DLL
0x00007ffe97230000 - 0x00007ffe9724c000 	C:\WINDOWS\SYSTEM32\dhcpcsvc.DLL
0x00007ffe812a0000 - 0x00007ffe812b6000 	C:\WINDOWS\system32\napinsp.dll
0x00007ffe81280000 - 0x00007ffe8129a000 	C:\WINDOWS\system32\pnrpnsp.dll
0x00007ffe81270000 - 0x00007ffe8127e000 	C:\WINDOWS\System32\winrnr.dll
0x00007ffe9e190000 - 0x00007ffe9e1ac000 	C:\WINDOWS\system32\NLAapi.dll
0x00007ffe9d3f0000 - 0x00007ffe9d405000 	C:\WINDOWS\system32\wshbth.dll
0x00007ffe7d4c0000 - 0x00007ffe7d4e4000 	C:\Program Files\Java\jdk1.8.0_201\jre\bin\sunec.dll
0x00007ffe9def0000 - 0x00007ffe9defb000 	C:\Program Files\Java\jdk1.8.0_201\jre\bin\sunmscapi.dll
0x00007ffea2560000 - 0x00007ffea26a9000 	C:\WINDOWS\System32\CRYPT32.dll
0x00007ffea2170000 - 0x00007ffea2182000 	C:\WINDOWS\System32\MSASN1.dll
0x00007ffea0890000 - 0x00007ffea0a84000 	C:\WINDOWS\SYSTEM32\dbghelp.dll

VM Arguments:
jvm_args: -XX:TieredStopAtLevel=1 -Xverify:none -Dspring.output.ansi.enabled=always -Dcom.sun.management.jmxremote -Dspring.jmx.enabled=true -Dspring.liveBeansView.mbeanDomain -Dspring.application.admin.enabled=true -javaagent:C:\Program Files\JetBrains\IntelliJ IDEA 2019.1.2\lib\idea_rt.jar=56406:C:\Program Files\JetBrains\IntelliJ IDEA 2019.1.2\bin -Dfile.encoding=UTF-8 
java_command: app.SpringappApplication
java_class_path (initial): C:\Program Files\Java\jdk1.8.0_201\jre\lib\charsets.jar;C:\Program Files\Java\jdk1.8.0_201\jre\lib\deploy.jar;C:\Program Files\Java\jdk1.8.0_201\jre\lib\ext\access-bridge-64.jar;C:\Program Files\Java\jdk1.8.0_201\jre\lib\ext\cldrdata.jar;C:\Program Files\Java\jdk1.8.0_201\jre\lib\ext\dnsns.jar;C:\Program Files\Java\jdk1.8.0_201\jre\lib\ext\jaccess.jar;C:\Program Files\Java\jdk1.8.0_201\jre\lib\ext\jfxrt.jar;C:\Program Files\Java\jdk1.8.0_201\jre\lib\ext\localedata.jar;C:\Program Files\Java\jdk1.8.0_201\jre\lib\ext\nashorn.jar;C:\Program Files\Java\jdk1.8.0_201\jre\lib\ext\sunec.jar;C:\Program Files\Java\jdk1.8.0_201\jre\lib\ext\sunjce_provider.jar;C:\Program Files\Java\jdk1.8.0_201\jre\lib\ext\sunmscapi.jar;C:\Program Files\Java\jdk1.8.0_201\jre\lib\ext\sunpkcs11.jar;C:\Program Files\Java\jdk1.8.0_201\jre\lib\ext\zipfs.jar;C:\Program Files\Java\jdk1.8.0_201\jre\lib\javaws.jar;C:\Program Files\Java\jdk1.8.0_201\jre\lib\jce.jar;C:\Program Files\Java\jdk1.8.0_201\jre\lib\jfr.jar;C:\Program Files\Java\jdk1.8.0_201\jre\lib\jfxswt.jar;C:\Program Files\Java\jdk1.8.0_201\jre\lib\jsse.jar;C:\Program Files\Java\jdk1.8.0_201\jre\lib\management-agent.jar;C:\Program Files\Java\jdk1.8.0_201\jre\lib\plugin.jar;C:\Program Files\Java\jdk1.8.0_201\jre\lib\resources.jar;C:\Program Files\Java\jdk1.8.0_201\jre\lib\rt.jar;C:\Users\Arkadiusz Koszela\Desktop\demo\projekt_zaliczeniowy\springapp\target\classes;C:\Users\Arkadiusz Koszela\.m2\repository\org\springframework\spring-webmvc\5.1.5.RELEASE\spring-webmvc-5.1.5.RELEASE.jar;C:\Users\Arkadiusz Koszela\.m2\repository\org\springframework\spring-aop\5.1.8.RELEASE\spring-aop-5.1.8.RELEASE.jar;C:\Users\Arkadiusz Koszela\.m2\repository\org\springframework\spring-beans\5.1.8.RELEASE\spring-beans-5.1.8.RELEASE.jar;C:\Users\Arkadiusz Koszela\.m2\repository\org\springframework\spring-context\5.1.8.RELEASE\spring-context-5.1.8.RELEASE.jar;C:\Users\Arkadiusz Koszela\.m2\repository\org\springframework\spring-core\5.1.8.R
Launcher Type: SUN_STANDARD

Environment Variables:
JAVA_HOME=C:\Program Files\Java\jdk1.8.0_201
PATH=C:\Program Files\Common Files\Microsoft Shared\Microsoft Online Services;C:\Program Files (x86)\Common Files\Microsoft Shared\Microsoft Online Services;C:\Program Files (x86)\Common Files\Oracle\Java\javapath;C:\ProgramData\Oracle\Java\javapath;C:\Program Files (x86)\Intel\iCLS Client\;C:\Program Files\Intel\iCLS Client\;C:\WINDOWS\system32;C:\WINDOWS;C:\WINDOWS\System32\Wbem;C:\WINDOWS\System32\WindowsPowerShell\v1.0\;C:\Program Files (x86)\Intel\Intel(R) Management Engine Components\DAL;C:\Program Files\Intel\Intel(R) Management Engine Components\DAL;C:\Program Files (x86)\Intel\Intel(R) Management Engine Components\IPT;C:\Program Files\Intel\Intel(R) Management Engine Components\IPT;C:\Program Files\Intel\WiFi\bin\;C:\Program Files\Common Files\Intel\WirelessCommon\;C:\WINDOWS\System32\OpenSSH\;C:\Program Files\SafeNet\Authentication\SAC\x64;C:\Program Files\SafeNet\Authentication\SAC\x32;C:\Program Files\Git\cmd;C:\WINDOWS\system32\config\systemprofile\AppData\Local\Microsoft\WindowsApps;C:\Program Files\Java\jdk1.8.0_201\bin;C:\Program Files\MySQL\MySQL Shell 8.0\bin\;C:\Users\Arkadiusz Koszela\AppData\Local\Programs\Fiddler;%USERPROFILE%\AppData\Local\Microsoft\WindowsApps;
USERNAME=Arkadiusz Koszela
OS=Windows_NT
PROCESSOR_IDENTIFIER=Intel64 Family 6 Model 61 Stepping 4, GenuineIntel



---------------  S Y S T E M  ---------------

OS: Windows 10.0 , 64 bit Build 18362 (10.0.18362.86)

CPU:total 4 (initial active 4) (2 cores per cpu, 2 threads per core) family 6 model 61 stepping 4, cmov, cx8, fxsr, mmx, sse, sse2, sse3, ssse3, sse4.1, sse4.2, popcnt, avx, avx2, aes, clmul, erms, 3dnowpref, lzcnt, ht, tsc, tscinvbit, bmi1, bmi2, adx

Memory: 4k page, physical 8289040k(1105352k free), swap 15995944k(2364704k free)

vm_info: Java HotSpot(TM) 64-Bit Server VM (25.201-b09) for windows-amd64 JRE (1.8.0_201-b09), built on Dec 15 2018 18:36:39 by "java_re" with MS VC++ 10.0 (VS2010)

time: Sat Jul 27 21:01:33 2019
timezone: Œrodkowoeuropejski czas letni
elapsed time: 19 seconds (0d 0h 0m 19s)

