#
# A fatal error has been detected by the Java Runtime Environment:
#
#  EXCEPTION_PRIV_INSTRUCTION (0xc0000096) at pc=0x00000000028659ad, pid=5948, tid=0x0000000000003c6c
#
# JRE version: Java(TM) SE Runtime Environment (8.0_201-b09) (build 1.8.0_201-b09)
# Java VM: Java HotSpot(TM) 64-Bit Server VM (25.201-b09 mixed mode windows-amd64 compressed oops)
# Problematic frame:
# 
[error occurred during error reporting (printing problematic frame), id 0xc0000005]

# Failed to write core dump. Minidumps are not enabled by default on client versions of Windows
#
# If you would like to submit a bug report, please visit:
#   http://bugreport.java.com/bugreport/crash.jsp
#

---------------  T H R E A D  ---------------

Current thread (0x000000001d1a3800):  JavaThread "http-nio-8080-exec-1" daemon [_thread_in_Java, id=15468, stack(0x000000001f970000,0x000000001fa70000)]

siginfo: ExceptionCode=0xc0000096

Registers:
RAX=0x0000000000000000, RBX=0x00000000000000cf, RCX=0x0000000000000000, RDX=0x0000000000000000
RSP=0x000000001fa6c5d0, RBP=0x000000001fa6c668, RSI=0x000000001d1a3800, RDI=0x00000000ffffffff
R8 =0x0000000000000061, R9 =0x0000000002651850, R10=0x0000000000000061, R11=0x000000001fa6bda0
R12=0x0000000000000000, R13=0x000000001bde7342, R14=0x000000001fa6c670, R15=0x000000001d1a3800
RIP=0x00000000028659ad, EFLAGS=0x0000000000010202

Top of Stack: (sp=0x000000001fa6c5d0)
0x000000001fa6c5d0:   000000001fa6c878 000000001d1a3800
0x000000001fa6c5e0:   00000000000000cf 000000001d1a3800
0x000000001fa6c5f0:   0000000000000000 0000000020688da8
0x000000001fa6c600:   0000000052efeef0 0000000000000012
0x000000001fa6c610:   0000000000000012 00000000ffffffff
0x000000001fa6c620:   000000001d1a3800 000000001fa6c668
0x000000001fa6c630:   000000001fa6c658 00000000000000cf
0x000000001fa6c640:   0000000000000011 0000000000000008
0x000000001fa6c650:   0000000020688da8 0000000000000000
0x000000001fa6c660:   000000001fa6c628 000000001fa6c750
0x000000001fa6c670:   00000000028608da 0000000000000000
0x000000001fa6c680:   0000000000000000 0000000000000000
0x000000001fa6c690:   0000000000000000 0000000000000000
0x000000001fa6c6a0:   0000000000000000 0000000000000000
0x000000001fa6c6b0:   0000000000000000 0000000000000000
0x000000001fa6c6c0:   0000000000000000 0000000000000000 

Instructions: (pc=0x00000000028659ad)
0x000000000286598d:   48 b9 b0 cf ce 52 00 00 00 00 48 ba 37 59 86 02
0x000000000286599d:   00 00 00 00 4c 8b c4 48 83 e4 f0 e8 d3 11 18 50
0x00000000028659ad:   f4 66 90 00 00 00 00 00 00 00 00 00 00 00 00 00
0x00000000028659bd:   00 00 00 80 20 00 00 00 00 00 00 98 cf ce 52 00 


Register to memory mapping:

RAX=0x0000000000000000 is an unknown value
RBX=0x00000000000000cf is an unknown value
RCX=0x0000000000000000 is an unknown value
RDX=0x0000000000000000 is an unknown value
RSP=0x000000001fa6c5d0 is pointing into the stack for thread: 0x000000001d1a3800
RBP=0x000000001fa6c668 is pointing into the stack for thread: 0x000000001d1a3800
RSI=0x000000001d1a3800 is a thread
RDI=0x00000000ffffffff is an unallocated location in the heap
R8 =0x0000000000000061 is an unknown value
R9 =0x0000000002651850 is an unknown value
R10=0x0000000000000061 is an unknown value
R11=0x000000001fa6bda0 is pointing into the stack for thread: 0x000000001d1a3800
R12=0x0000000000000000 is an unknown value
R13=0x000000001bde7342 is pointing into metadata
R14=0x000000001fa6c670 is pointing into the stack for thread: 0x000000001d1a3800
R15=0x000000001d1a3800 is a thread


Stack: [0x000000001f970000,0x000000001fa70000],  sp=0x000000001fa6c5d0,  free space=1009k
Native frames: (J=compiled Java code, j=interpreted, Vv=VM code, C=native code)
C  0x00000000028659ad


---------------  P R O C E S S  ---------------

Java Threads: ( => current thread )
  0x000000001d1ac800 JavaThread "DestroyJavaVM" [_thread_blocked, id=10116, stack(0x0000000002460000,0x0000000002560000)]
  0x000000001d1ae800 JavaThread "RMI TCP Connection(3)-192.168.209.1" daemon [_thread_in_native, id=5152, stack(0x0000000020870000,0x0000000020970000)]
  0x000000001d1b0000 JavaThread "RMI TCP Connection(2)-192.168.209.1" daemon [_thread_in_native, id=2632, stack(0x0000000020770000,0x0000000020870000)]
  0x000000001d1a5800 JavaThread "http-nio-8080-Acceptor" daemon [_thread_in_native, id=3476, stack(0x0000000020470000,0x0000000020570000)]
  0x000000001d1ab000 JavaThread "http-nio-8080-ClientPoller" daemon [_thread_in_native, id=8196, stack(0x0000000020370000,0x0000000020470000)]
  0x000000001d1a5000 JavaThread "http-nio-8080-exec-10" daemon [_thread_blocked, id=17040, stack(0x0000000020270000,0x0000000020370000)]
  0x000000001d1ab800 JavaThread "http-nio-8080-exec-9" daemon [_thread_blocked, id=13648, stack(0x0000000020170000,0x0000000020270000)]
  0x000000001d1aa000 JavaThread "http-nio-8080-exec-8" daemon [_thread_blocked, id=8360, stack(0x0000000020070000,0x0000000020170000)]
  0x000000001d1a9800 JavaThread "http-nio-8080-exec-7" daemon [_thread_blocked, id=16088, stack(0x000000001ff70000,0x0000000020070000)]
  0x000000001d1a7000 JavaThread "http-nio-8080-exec-6" daemon [_thread_blocked, id=5388, stack(0x000000001fe70000,0x000000001ff70000)]
  0x000000001d1a4000 JavaThread "http-nio-8080-exec-5" daemon [_thread_blocked, id=12872, stack(0x000000001fd70000,0x000000001fe70000)]
  0x000000001d1a8000 JavaThread "http-nio-8080-exec-4" daemon [_thread_blocked, id=17080, stack(0x000000001fc70000,0x000000001fd70000)]
  0x000000001d1a6800 JavaThread "http-nio-8080-exec-3" daemon [_thread_blocked, id=11640, stack(0x000000001fb70000,0x000000001fc70000)]
  0x000000001d1a8800 JavaThread "http-nio-8080-exec-2" daemon [_thread_in_vm, id=4804, stack(0x000000001fa70000,0x000000001fb70000)]
=>0x000000001d1a3800 JavaThread "http-nio-8080-exec-1" daemon [_thread_in_Java, id=15468, stack(0x000000001f970000,0x000000001fa70000)]
  0x000000001cfd3000 JavaThread "http-nio-8080-BlockPoller" daemon [_thread_in_native, id=13960, stack(0x000000001f870000,0x000000001f970000)]
  0x000000001cfd2000 JavaThread "Atmosphere-Shared-0" daemon [_thread_blocked, id=1268, stack(0x000000001f770000,0x000000001f870000)]
  0x000000001cfd3800 JavaThread "Atmosphere-Scheduler-1" daemon [_thread_blocked, id=14344, stack(0x000000001f570000,0x000000001f670000)]
  0x000000001cfd1800 JavaThread "Atmosphere-Scheduler-0" daemon [_thread_blocked, id=16096, stack(0x000000001f470000,0x000000001f570000)]
  0x000000001cfd0800 JavaThread "container-0" [_thread_blocked, id=4876, stack(0x000000001f170000,0x000000001f270000)]
  0x000000001ab68000 JavaThread "Catalina-utility-2" [_thread_blocked, id=2388, stack(0x000000001f070000,0x000000001f170000)]
  0x000000001ab67000 JavaThread "Catalina-utility-1" [_thread_blocked, id=17780, stack(0x000000001e770000,0x000000001e870000)]
  0x000000001ac33000 JavaThread "HikariPool-1 connection adder" daemon [_thread_blocked, id=8900, stack(0x000000001e070000,0x000000001e170000)]
  0x0000000018d10000 JavaThread "HikariPool-1 housekeeper" daemon [_thread_blocked, id=3032, stack(0x000000001df70000,0x000000001e070000)]
  0x000000001ad54000 JavaThread "mysql-cj-abandoned-connection-cleanup" daemon [_thread_blocked, id=14016, stack(0x000000001b3a0000,0x000000001b4a0000)]
  0x000000001a6e6800 JavaThread "RMI Scheduler(0)" daemon [_thread_blocked, id=2480, stack(0x000000001bba0000,0x000000001bca0000)]
  0x000000001a898800 JavaThread "RMI TCP Connection(1)-192.168.209.1" daemon [_thread_in_native, id=14700, stack(0x000000001baa0000,0x000000001bba0000)]
  0x000000001950d800 JavaThread "RMI TCP Accept-0" daemon [_thread_in_native, id=17264, stack(0x0000000019e70000,0x0000000019f70000)]
  0x000000001922c000 JavaThread "Service Thread" daemon [_thread_blocked, id=2988, stack(0x0000000019a30000,0x0000000019b30000)]
  0x0000000019226800 JavaThread "C1 CompilerThread2" daemon [_thread_blocked, id=16652, stack(0x0000000019930000,0x0000000019a30000)]
  0x0000000019225800 JavaThread "C2 CompilerThread1" daemon [_thread_blocked, id=12772, stack(0x0000000019830000,0x0000000019930000)]
  0x0000000019224800 JavaThread "C2 CompilerThread0" daemon [_thread_blocked, id=18400, stack(0x0000000019730000,0x0000000019830000)]
  0x000000001921f800 JavaThread "Monitor Ctrl-Break" daemon [_thread_in_native, id=1808, stack(0x0000000019630000,0x0000000019730000)]
  0x00000000173c6000 JavaThread "Attach Listener" daemon [_thread_blocked, id=5772, stack(0x0000000018930000,0x0000000018a30000)]
  0x00000000173c4800 JavaThread "Signal Dispatcher" daemon [_thread_blocked, id=7648, stack(0x0000000018830000,0x0000000018930000)]
  0x00000000173a3800 JavaThread "Finalizer" daemon [_thread_blocked, id=3392, stack(0x0000000018620000,0x0000000018720000)]
  0x000000000275e000 JavaThread "Reference Handler" daemon [_thread_blocked, id=16760, stack(0x0000000018520000,0x0000000018620000)]

Other Threads:
  0x0000000017377800 VMThread [stack: 0x0000000018420000,0x0000000018520000] [id=4044]
  0x0000000019512000 WatcherThread [stack: 0x0000000019f70000,0x000000001a070000] [id=17244]

VM state:not at safepoint (normal execution)

VM Mutex/Monitor currently owned by a thread: None

heap address: 0x0000000081800000, size: 2024 MB, Compressed Oops mode: 32-bit
Narrow klass base: 0x0000000000000000, Narrow klass shift: 3
Compressed class space size: 1073741824 Address: 0x0000000100000000

Heap:
 PSYoungGen      total 272896K, used 42053K [0x00000000d5d80000, 0x00000000eac00000, 0x0000000100000000)
  eden space 258560K, 16% used [0x00000000d5d80000,0x00000000d8691460,0x00000000e5a00000)
  from space 14336K, 0% used [0x00000000e5a00000,0x00000000e5a00000,0x00000000e6800000)
  to   space 15872K, 0% used [0x00000000e9c80000,0x00000000e9c80000,0x00000000eac00000)
 ParOldGen       total 119808K, used 32229K [0x0000000081800000, 0x0000000088d00000, 0x00000000d5d80000)
  object space 119808K, 26% used [0x0000000081800000,0x00000000837794d8,0x0000000088d00000)
 Metaspace       used 58056K, capacity 61010K, committed 61056K, reserved 1101824K
  class space    used 8035K, capacity 8548K, committed 8576K, reserved 1048576K

Card table byte_map: [0x0000000011c20000,0x0000000012020000] byte_map_base: 0x0000000011814000

Marking Bits: (ParMarkBitMap*) 0x0000000052f14ce0
 Begin Bits: [0x00000000126d0000, 0x0000000014670000)
 End Bits:   [0x0000000014670000, 0x0000000016610000)

Polling page: 0x0000000000b80000

CodeCache: size=245760Kb used=10080Kb max_used=10099Kb free=235679Kb
 bounds [0x0000000002860000, 0x0000000003240000, 0x0000000011860000]
 total_blobs=5746 nmethods=5174 adapters=483
 compilation: enabled

Compilation events (10 events):
Event: 17.270 Thread 0x0000000019226800 5246       1       org.apache.tomcat.util.buf.ByteChunk::equalsIgnoreCase (76 bytes)
Event: 17.270 Thread 0x0000000019226800 nmethod 5246 0x0000000002e82590 code [0x0000000002e82720, 0x0000000002e82a08]
Event: 17.270 Thread 0x0000000019226800 5247       1       org.apache.tomcat.util.buf.MessageBytes::equalsIgnoreCase (78 bytes)
Event: 17.271 Thread 0x0000000019226800 nmethod 5247 0x0000000002e820d0 code [0x0000000002e82260, 0x0000000002e82468]
Event: 17.288 Thread 0x0000000019226800 5248       1       org.springframework.boot.env.RandomValuePropertySource::getProperty (68 bytes)
Event: 17.289 Thread 0x0000000019226800 nmethod 5248 0x0000000002e81710 code [0x0000000002e81900, 0x0000000002e81d48]
Event: 17.289 Thread 0x0000000019226800 5249       1       org.springframework.core.env.PropertySource$StubPropertySource::getProperty (6 bytes)
Event: 17.290 Thread 0x0000000019226800 nmethod 5249 0x0000000002e81410 code [0x0000000002e81560, 0x0000000002e81688]
Event: 17.293 Thread 0x0000000019226800 5250       1       org.springframework.core.MethodParameter::getParameterType (59 bytes)
Event: 17.294 Thread 0x0000000019226800 nmethod 5250 0x0000000002e80f10 code [0x0000000002e81080, 0x0000000002e812c8]

GC Heap History (10 events):
Event: 8.914 GC heap before
{Heap before GC invocations=10 (full 1):
 PSYoungGen      total 199680K, used 49867K [0x00000000d5d80000, 0x00000000e4480000, 0x0000000100000000)
  eden space 189440K, 20% used [0x00000000d5d80000,0x00000000d8434388,0x00000000e1680000)
  from space 10240K, 99% used [0x00000000e2200000,0x00000000e2bfea08,0x00000000e2c00000)
  to   space 11776K, 0% used [0x00000000e1680000,0x00000000e1680000,0x00000000e2200000)
 ParOldGen       total 53760K, used 9364K [0x0000000081800000, 0x0000000084c80000, 0x00000000d5d80000)
  object space 53760K, 17% used [0x0000000081800000,0x0000000082125068,0x0000000084c80000)
 Metaspace       used 33808K, capacity 35424K, committed 35496K, reserved 1079296K
  class space    used 4457K, capacity 4816K, committed 4864K, reserved 1048576K
Event: 8.929 GC heap after
Heap after GC invocations=10 (full 1):
 PSYoungGen      total 201216K, used 10057K [0x00000000d5d80000, 0x00000000e7600000, 0x0000000100000000)
  eden space 189440K, 0% used [0x00000000d5d80000,0x00000000d5d80000,0x00000000e1680000)
  from space 11776K, 85% used [0x00000000e1680000,0x00000000e2052458,0x00000000e2200000)
  to   space 12288K, 0% used [0x00000000e6a00000,0x00000000e6a00000,0x00000000e7600000)
 ParOldGen       total 53760K, used 11439K [0x0000000081800000, 0x0000000084c80000, 0x00000000d5d80000)
  object space 53760K, 21% used [0x0000000081800000,0x000000008232bce8,0x0000000084c80000)
 Metaspace       used 33808K, capacity 35424K, committed 35496K, reserved 1079296K
  class space    used 4457K, capacity 4816K, committed 4864K, reserved 1048576K
}
Event: 8.929 GC heap before
{Heap before GC invocations=11 (full 2):
 PSYoungGen      total 201216K, used 10057K [0x00000000d5d80000, 0x00000000e7600000, 0x0000000100000000)
  eden space 189440K, 0% used [0x00000000d5d80000,0x00000000d5d80000,0x00000000e1680000)
  from space 11776K, 85% used [0x00000000e1680000,0x00000000e2052458,0x00000000e2200000)
  to   space 12288K, 0% used [0x00000000e6a00000,0x00000000e6a00000,0x00000000e7600000)
 ParOldGen       total 53760K, used 11439K [0x0000000081800000, 0x0000000084c80000, 0x00000000d5d80000)
  object space 53760K, 21% used [0x0000000081800000,0x000000008232bce8,0x0000000084c80000)
 Metaspace       used 33808K, capacity 35424K, committed 35496K, reserved 1079296K
  class space    used 4457K, capacity 4816K, committed 4864K, reserved 1048576K
Event: 9.027 GC heap after
Heap after GC invocations=11 (full 2):
 PSYoungGen      total 201216K, used 0K [0x00000000d5d80000, 0x00000000e7600000, 0x0000000100000000)
  eden space 189440K, 0% used [0x00000000d5d80000,0x00000000d5d80000,0x00000000e1680000)
  from space 11776K, 0% used [0x00000000e1680000,0x00000000e1680000,0x00000000e2200000)
  to   space 12288K, 0% used [0x00000000e6a00000,0x00000000e6a00000,0x00000000e7600000)
 ParOldGen       total 81920K, used 18042K [0x0000000081800000, 0x0000000086800000, 0x00000000d5d80000)
  object space 81920K, 22% used [0x0000000081800000,0x000000008299eb38,0x0000000086800000)
 Metaspace       used 33808K, capacity 35424K, committed 35496K, reserved 1079296K
  class space    used 4457K, capacity 4816K, committed 4864K, reserved 1048576K
}
Event: 11.653 GC heap before
{Heap before GC invocations=12 (full 2):
 PSYoungGen      total 201216K, used 189440K [0x00000000d5d80000, 0x00000000e7600000, 0x0000000100000000)
  eden space 189440K, 100% used [0x00000000d5d80000,0x00000000e1680000,0x00000000e1680000)
  from space 11776K, 0% used [0x00000000e1680000,0x00000000e1680000,0x00000000e2200000)
  to   space 12288K, 0% used [0x00000000e6a00000,0x00000000e6a00000,0x00000000e7600000)
 ParOldGen       total 81920K, used 18042K [0x0000000081800000, 0x0000000086800000, 0x00000000d5d80000)
  object space 81920K, 22% used [0x0000000081800000,0x000000008299eb38,0x0000000086800000)
 Metaspace       used 46503K, capacity 48322K, committed 48768K, reserved 1091584K
  class space    used 6332K, capacity 6699K, committed 6784K, reserved 1048576K
Event: 11.671 GC heap after
Heap after GC invocations=12 (full 2):
 PSYoungGen      total 257536K, used 12280K [0x00000000d5d80000, 0x00000000e7600000, 0x0000000100000000)
  eden space 245248K, 0% used [0x00000000d5d80000,0x00000000d5d80000,0x00000000e4d00000)
  from space 12288K, 99% used [0x00000000e6a00000,0x00000000e75fe2e8,0x00000000e7600000)
  to   space 14336K, 0% used [0x00000000e5a00000,0x00000000e5a00000,0x00000000e6800000)
 ParOldGen       total 81920K, used 19992K [0x0000000081800000, 0x0000000086800000, 0x00000000d5d80000)
  object space 81920K, 24% used [0x0000000081800000,0x0000000082b862e8,0x0000000086800000)
 Metaspace       used 46503K, capacity 48322K, committed 48768K, reserved 1091584K
  class space    used 6332K, capacity 6699K, committed 6784K, reserved 1048576K
}
Event: 14.737 GC heap before
{Heap before GC invocations=13 (full 2):
 PSYoungGen      total 257536K, used 235979K [0x00000000d5d80000, 0x00000000e7600000, 0x0000000100000000)
  eden space 245248K, 91% used [0x00000000d5d80000,0x00000000e37f4b38,0x00000000e4d00000)
  from space 12288K, 99% used [0x00000000e6a00000,0x00000000e75fe2e8,0x00000000e7600000)
  to   space 14336K, 0% used [0x00000000e5a00000,0x00000000e5a00000,0x00000000e6800000)
 ParOldGen       total 81920K, used 19992K [0x0000000081800000, 0x0000000086800000, 0x00000000d5d80000)
  object space 81920K, 24% used [0x0000000081800000,0x0000000082b862e8,0x0000000086800000)
 Metaspace       used 56262K, capacity 59106K, committed 59160K, reserved 1099776K
  class space    used 7779K, capacity 8284K, committed 8320K, reserved 1048576K
Event: 14.758 GC heap after
Heap after GC invocations=13 (full 2):
 PSYoungGen      total 272896K, used 14222K [0x00000000d5d80000, 0x00000000eac00000, 0x0000000100000000)
  eden space 258560K, 0% used [0x00000000d5d80000,0x00000000d5d80000,0x00000000e5a00000)
  from space 14336K, 99% used [0x00000000e5a00000,0x00000000e67e3ba0,0x00000000e6800000)
  to   space 15872K, 0% used [0x00000000e9c80000,0x00000000e9c80000,0x00000000eac00000)
 ParOldGen       total 81920K, used 24512K [0x0000000081800000, 0x0000000086800000, 0x00000000d5d80000)
  object space 81920K, 29% used [0x0000000081800000,0x0000000082ff03b8,0x0000000086800000)
 Metaspace       used 56262K, capacity 59106K, committed 59160K, reserved 1099776K
  class space    used 7779K, capacity 8284K, committed 8320K, reserved 1048576K
}
Event: 14.758 GC heap before
{Heap before GC invocations=14 (full 3):
 PSYoungGen      total 272896K, used 14222K [0x00000000d5d80000, 0x00000000eac00000, 0x0000000100000000)
  eden space 258560K, 0% used [0x00000000d5d80000,0x00000000d5d80000,0x00000000e5a00000)
  from space 14336K, 99% used [0x00000000e5a00000,0x00000000e67e3ba0,0x00000000e6800000)
  to   space 15872K, 0% used [0x00000000e9c80000,0x00000000e9c80000,0x00000000eac00000)
 ParOldGen       total 81920K, used 24512K [0x0000000081800000, 0x0000000086800000, 0x00000000d5d80000)
  object space 81920K, 29% used [0x0000000081800000,0x0000000082ff03b8,0x0000000086800000)
 Metaspace       used 56262K, capacity 59106K, committed 59160K, reserved 1099776K
  class space    used 7779K, capacity 8284K, committed 8320K, reserved 1048576K
Event: 15.003 GC heap after
Heap after GC invocations=14 (full 3):
 PSYoungGen      total 272896K, used 0K [0x00000000d5d80000, 0x00000000eac00000, 0x0000000100000000)
  eden space 258560K, 0% used [0x00000000d5d80000,0x00000000d5d80000,0x00000000e5a00000)
  from space 14336K, 0% used [0x00000000e5a00000,0x00000000e5a00000,0x00000000e6800000)
  to   space 15872K, 0% used [0x00000000e9c80000,0x00000000e9c80000,0x00000000eac00000)
 ParOldGen       total 119808K, used 32229K [0x0000000081800000, 0x0000000088d00000, 0x00000000d5d80000)
  object space 119808K, 26% used [0x0000000081800000,0x00000000837794d8,0x0000000088d00000)
 Metaspace       used 56262K, capacity 59106K, committed 59160K, reserved 1099776K
  class space    used 7779K, capacity 8284K, committed 8320K, reserved 1048576K
}

Deoptimization events (0 events):
No events

Classes redefined (0 events):
No events

Internal exceptions (10 events):
Event: 14.358 Thread 0x000000000266a000 Exception <a 'java/lang/ArrayIndexOutOfBoundsException'> (0x00000000e048b450) thrown at [C:\re\workspace\8-2-build-windows-amd64-cygwin\jdk8u201\12322\hotspot\src\share\vm\runtime\sharedRuntime.cpp, line 605]
Event: 14.416 Thread 0x000000000266a000 Exception <a 'java/lang/ArrayIndexOutOfBoundsException'> (0x00000000e0a58548) thrown at [C:\re\workspace\8-2-build-windows-amd64-cygwin\jdk8u201\12322\hotspot\src\share\vm\runtime\sharedRuntime.cpp, line 605]
Event: 14.469 Thread 0x000000000266a000 Exception <a 'java/lang/ArrayIndexOutOfBoundsException'> (0x00000000e119cac0) thrown at [C:\re\workspace\8-2-build-windows-amd64-cygwin\jdk8u201\12322\hotspot\src\share\vm\runtime\sharedRuntime.cpp, line 605]
Event: 14.477 Thread 0x000000000266a000 Exception <a 'java/lang/ArrayIndexOutOfBoundsException'> (0x00000000e12acdb8) thrown at [C:\re\workspace\8-2-build-windows-amd64-cygwin\jdk8u201\12322\hotspot\src\share\vm\runtime\sharedRuntime.cpp, line 605]
Event: 15.112 Thread 0x000000000266a000 Exception <a 'java/lang/ClassNotFoundException': java/lang/ObjectCustomizer> (0x00000000d5f72c28) thrown at [C:\re\workspace\8-2-build-windows-amd64-cygwin\jdk8u201\12322\hotspot\src\share\vm\classfile\systemDictionary.cpp, line 210]
Event: 15.112 Thread 0x000000000266a000 Exception <a 'java/lang/ArrayIndexOutOfBoundsException'> (0x00000000d5f75f70) thrown at [C:\re\workspace\8-2-build-windows-amd64-cygwin\jdk8u201\12322\hotspot\src\share\vm\runtime\sharedRuntime.cpp, line 605]
Event: 15.113 Thread 0x000000000266a000 Exception <a 'java/lang/ClassNotFoundException': app/entities/WynikiEntityCustomizer> (0x00000000d5f9dfe8) thrown at [C:\re\workspace\8-2-build-windows-amd64-cygwin\jdk8u201\12322\hotspot\src\share\vm\classfile\systemDictionary.cpp, line 210]
Event: 16.196 Thread 0x000000000266a000 Exception <a 'java/lang/ArrayIndexOutOfBoundsException'> (0x00000000d6ccc988) thrown at [C:\re\workspace\8-2-build-windows-amd64-cygwin\jdk8u201\12322\hotspot\src\share\vm\runtime\sharedRuntime.cpp, line 605]
Event: 16.293 Thread 0x000000000266a000 Exception <a 'java/lang/ArrayIndexOutOfBoundsException'> (0x00000000d6d910c8) thrown at [C:\re\workspace\8-2-build-windows-amd64-cygwin\jdk8u201\12322\hotspot\src\share\vm\runtime\sharedRuntime.cpp, line 605]
Event: 17.294 Thread 0x000000001d1a8800 Exception <a 'java/lang/NoSuchMethodError': java.lang.Object.lambda$identity$2(Ljava/lang/Object;)Ljava/lang/Object;> (0x00000000d846fa68) thrown at [C:\re\workspace\8-2-build-windows-amd64-cygwin\jdk8u201\12322\hotspot\src\share\vm\interpreter\linkResolv

Events (10 events):
Event: 17.297 loading class com/vaadin/flow/shared/communication/PushMode
Event: 17.297 loading class com/vaadin/flow/shared/communication/PushMode done
Event: 17.297 loading class com/vaadin/flow/shared/communication/PushMode
Event: 17.297 loading class com/vaadin/flow/shared/communication/PushMode done
Event: 17.297 loading class org/springframework/web/bind/annotation/SessionAttribute
Event: 17.297 loading class org/springframework/web/bind/annotation/SessionAttribute done
Event: 17.297 loading class com/vaadin/flow/spring/SpringVaadinServletService
Event: 17.297 loading class com/vaadin/flow/spring/SpringVaadinServletService done
Event: 17.298 loading class org/springframework/web/bind/annotation/RequestAttribute
Event: 17.298 loading class org/springframework/web/bind/annotation/RequestAttribute done


Dynamic libraries:
0x00007ff63e4a0000 - 0x00007ff63e4d7000 	C:\Program Files\Java\jdk1.8.0_201\bin\java.exe
0x00007ffea5280000 - 0x00007ffea5470000 	C:\WINDOWS\SYSTEM32\ntdll.dll
0x00007ffe7eb70000 - 0x00007ffe7eb82000 	C:\Program Files\AVAST Software\Avast\aswhook.dll
0x00007ffea3670000 - 0x00007ffea3722000 	C:\WINDOWS\System32\KERNEL32.DLL
0x00007ffea26d0000 - 0x00007ffea2973000 	C:\WINDOWS\System32\KERNELBASE.dll
0x00007ffea3340000 - 0x00007ffea33e3000 	C:\WINDOWS\System32\ADVAPI32.dll
0x00007ffea3850000 - 0x00007ffea38ee000 	C:\WINDOWS\System32\msvcrt.dll
0x00007ffea3bc0000 - 0x00007ffea3c57000 	C:\WINDOWS\System32\sechost.dll
0x00007ffea3730000 - 0x00007ffea3850000 	C:\WINDOWS\System32\RPCRT4.dll
0x00007ffea4f50000 - 0x00007ffea50e3000 	C:\WINDOWS\System32\USER32.dll
0x00007ffea2410000 - 0x00007ffea2431000 	C:\WINDOWS\System32\win32u.dll
0x00007ffea42e0000 - 0x00007ffea4306000 	C:\WINDOWS\System32\GDI32.dll
0x00007ffea2270000 - 0x00007ffea2404000 	C:\WINDOWS\System32\gdi32full.dll
0x00007ffea24c0000 - 0x00007ffea255e000 	C:\WINDOWS\System32\msvcp_win.dll
0x00007ffea3240000 - 0x00007ffea333a000 	C:\WINDOWS\System32\ucrtbase.dll
0x00007ffe8fae0000 - 0x00007ffe8fd65000 	C:\WINDOWS\WinSxS\amd64_microsoft.windows.common-controls_6595b64144ccf1df_6.0.18362.239_none_e6c7aebd130c7608\COMCTL32.dll
0x00007ffea3e90000 - 0x00007ffea41c6000 	C:\WINDOWS\System32\combase.dll
0x00007ffea2440000 - 0x00007ffea24c0000 	C:\WINDOWS\System32\bcryptPrimitives.dll
0x00007ffea3640000 - 0x00007ffea366e000 	C:\WINDOWS\System32\IMM32.DLL
0x00000000540e0000 - 0x00000000541b1000 	C:\Program Files\Java\jdk1.8.0_201\jre\bin\msvcr100.dll
0x00000000526f0000 - 0x0000000052f94000 	C:\Program Files\Java\jdk1.8.0_201\jre\bin\server\jvm.dll
0x00007ffea3e80000 - 0x00007ffea3e88000 	C:\WINDOWS\System32\PSAPI.DLL
0x00007ffea0ae0000 - 0x00007ffea0ae9000 	C:\WINDOWS\SYSTEM32\WSOCK32.dll
0x00007ffea3c60000 - 0x00007ffea3ccf000 	C:\WINDOWS\System32\WS2_32.dll
0x00007ffe9fb30000 - 0x00007ffe9fb54000 	C:\WINDOWS\SYSTEM32\WINMM.dll
0x00007ffe94650000 - 0x00007ffe9465a000 	C:\WINDOWS\SYSTEM32\VERSION.dll
0x00007ffe9fb00000 - 0x00007ffe9fb2d000 	C:\WINDOWS\SYSTEM32\WINMMBASE.dll
0x00007ffea2220000 - 0x00007ffea226a000 	C:\WINDOWS\System32\cfgmgr32.dll
0x00007ffe9e1c0000 - 0x00007ffe9e1cf000 	C:\Program Files\Java\jdk1.8.0_201\jre\bin\verify.dll
0x00007ffe9df10000 - 0x00007ffe9df39000 	C:\Program Files\Java\jdk1.8.0_201\jre\bin\java.dll
0x00007ffe807c0000 - 0x00007ffe807e3000 	C:\Program Files\Java\jdk1.8.0_201\jre\bin\instrument.dll
0x00007ffe9b0b0000 - 0x00007ffe9b0c6000 	C:\Program Files\Java\jdk1.8.0_201\jre\bin\zip.dll
0x00007ffea4860000 - 0x00007ffea4f40000 	C:\WINDOWS\System32\SHELL32.dll
0x00007ffea41d0000 - 0x00007ffea4279000 	C:\WINDOWS\System32\shcore.dll
0x00007ffea29b0000 - 0x00007ffea312b000 	C:\WINDOWS\System32\windows.storage.dll
0x00007ffea2200000 - 0x00007ffea221f000 	C:\WINDOWS\System32\profapi.dll
0x00007ffea2190000 - 0x00007ffea21da000 	C:\WINDOWS\System32\powrprof.dll
0x00007ffea2160000 - 0x00007ffea2170000 	C:\WINDOWS\System32\UMPDC.dll
0x00007ffea34a0000 - 0x00007ffea34f2000 	C:\WINDOWS\System32\shlwapi.dll
0x00007ffea21e0000 - 0x00007ffea21f1000 	C:\WINDOWS\System32\kernel.appcore.dll
0x00007ffea26b0000 - 0x00007ffea26c7000 	C:\WINDOWS\System32\cryptsp.dll
0x00007ffe8ac00000 - 0x00007ffe8ac1a000 	C:\Program Files\JetBrains\IntelliJ IDEA 2019.1.2\bin\breakgen64.dll
0x00007ffe996f0000 - 0x00007ffe9970a000 	C:\Program Files\Java\jdk1.8.0_201\jre\bin\net.dll
0x00007ffe95f00000 - 0x00007ffe960d6000 	C:\WINDOWS\SYSTEM32\urlmon.dll
0x00007ffe95c50000 - 0x00007ffe95ef6000 	C:\WINDOWS\SYSTEM32\iertutil.dll
0x00007ffea1b40000 - 0x00007ffea1b4c000 	C:\WINDOWS\SYSTEM32\CRYPTBASE.DLL
0x00007ffea1970000 - 0x00007ffea19d7000 	C:\WINDOWS\system32\mswsock.dll
0x00007ffea1720000 - 0x00007ffea17ea000 	C:\WINDOWS\SYSTEM32\DNSAPI.dll
0x00007ffea5160000 - 0x00007ffea5168000 	C:\WINDOWS\System32\NSI.dll
0x00007ffea16d0000 - 0x00007ffea170a000 	C:\WINDOWS\SYSTEM32\IPHLPAPI.DLL
0x00007ffe93a80000 - 0x00007ffe93a8a000 	C:\Windows\System32\rasadhlp.dll
0x00007ffe96b40000 - 0x00007ffe96bb7000 	C:\WINDOWS\System32\fwpuclnt.dll
0x00007ffea2980000 - 0x00007ffea29a6000 	C:\WINDOWS\System32\bcrypt.dll
0x00007ffe92420000 - 0x00007ffe9242d000 	C:\Program Files\Java\jdk1.8.0_201\jre\bin\management.dll
0x00007ffe927b0000 - 0x00007ffe927c1000 	C:\Program Files\Java\jdk1.8.0_201\jre\bin\nio.dll
0x00007ffea1530000 - 0x00007ffea1563000 	C:\WINDOWS\system32\rsaenh.dll
0x00007ffea2080000 - 0x00007ffea20a5000 	C:\WINDOWS\SYSTEM32\USERENV.dll
0x00007ffe97250000 - 0x00007ffe97266000 	C:\WINDOWS\SYSTEM32\dhcpcsvc6.DLL
0x00007ffe97230000 - 0x00007ffe9724c000 	C:\WINDOWS\SYSTEM32\dhcpcsvc.DLL
0x00007ffe812a0000 - 0x00007ffe812b6000 	C:\WINDOWS\system32\napinsp.dll
0x00007ffe81280000 - 0x00007ffe8129a000 	C:\WINDOWS\system32\pnrpnsp.dll
0x00007ffe81270000 - 0x00007ffe8127e000 	C:\WINDOWS\System32\winrnr.dll
0x00007ffe9e190000 - 0x00007ffe9e1ac000 	C:\WINDOWS\system32\NLAapi.dll
0x00007ffe9d3f0000 - 0x00007ffe9d405000 	C:\WINDOWS\system32\wshbth.dll
0x00007ffe7d4c0000 - 0x00007ffe7d4e4000 	C:\Program Files\Java\jdk1.8.0_201\jre\bin\sunec.dll
0x00007ffe9def0000 - 0x00007ffe9defb000 	C:\Program Files\Java\jdk1.8.0_201\jre\bin\sunmscapi.dll
0x00007ffea2560000 - 0x00007ffea26a9000 	C:\WINDOWS\System32\CRYPT32.dll
0x00007ffea2170000 - 0x00007ffea2182000 	C:\WINDOWS\System32\MSASN1.dll
0x00007ffea0890000 - 0x00007ffea0a84000 	C:\WINDOWS\SYSTEM32\dbghelp.dll

VM Arguments:
jvm_args: -XX:TieredStopAtLevel=1 -Xverify:none -Dspring.output.ansi.enabled=always -Dcom.sun.management.jmxremote -Dspring.jmx.enabled=true -Dspring.liveBeansView.mbeanDomain -Dspring.application.admin.enabled=true -javaagent:C:\Program Files\JetBrains\IntelliJ IDEA 2019.1.2\lib\idea_rt.jar=56640:C:\Program Files\JetBrains\IntelliJ IDEA 2019.1.2\bin -Dfile.encoding=UTF-8 
java_command: app.SpringappApplication
java_class_path (initial): C:\Program Files\Java\jdk1.8.0_201\jre\lib\charsets.jar;C:\Program Files\Java\jdk1.8.0_201\jre\lib\deploy.jar;C:\Program Files\Java\jdk1.8.0_201\jre\lib\ext\access-bridge-64.jar;C:\Program Files\Java\jdk1.8.0_201\jre\lib\ext\cldrdata.jar;C:\Program Files\Java\jdk1.8.0_201\jre\lib\ext\dnsns.jar;C:\Program Files\Java\jdk1.8.0_201\jre\lib\ext\jaccess.jar;C:\Program Files\Java\jdk1.8.0_201\jre\lib\ext\jfxrt.jar;C:\Program Files\Java\jdk1.8.0_201\jre\lib\ext\localedata.jar;C:\Program Files\Java\jdk1.8.0_201\jre\lib\ext\nashorn.jar;C:\Program Files\Java\jdk1.8.0_201\jre\lib\ext\sunec.jar;C:\Program Files\Java\jdk1.8.0_201\jre\lib\ext\sunjce_provider.jar;C:\Program Files\Java\jdk1.8.0_201\jre\lib\ext\sunmscapi.jar;C:\Program Files\Java\jdk1.8.0_201\jre\lib\ext\sunpkcs11.jar;C:\Program Files\Java\jdk1.8.0_201\jre\lib\ext\zipfs.jar;C:\Program Files\Java\jdk1.8.0_201\jre\lib\javaws.jar;C:\Program Files\Java\jdk1.8.0_201\jre\lib\jce.jar;C:\Program Files\Java\jdk1.8.0_201\jre\lib\jfr.jar;C:\Program Files\Java\jdk1.8.0_201\jre\lib\jfxswt.jar;C:\Program Files\Java\jdk1.8.0_201\jre\lib\jsse.jar;C:\Program Files\Java\jdk1.8.0_201\jre\lib\management-agent.jar;C:\Program Files\Java\jdk1.8.0_201\jre\lib\plugin.jar;C:\Program Files\Java\jdk1.8.0_201\jre\lib\resources.jar;C:\Program Files\Java\jdk1.8.0_201\jre\lib\rt.jar;C:\Users\Arkadiusz Koszela\Desktop\demo\projekt_zaliczeniowy\springapp\target\classes;C:\Users\Arkadiusz Koszela\.m2\repository\org\springframework\spring-webmvc\5.1.5.RELEASE\spring-webmvc-5.1.5.RELEASE.jar;C:\Users\Arkadiusz Koszela\.m2\repository\org\springframework\spring-aop\5.1.8.RELEASE\spring-aop-5.1.8.RELEASE.jar;C:\Users\Arkadiusz Koszela\.m2\repository\org\springframework\spring-beans\5.1.8.RELEASE\spring-beans-5.1.8.RELEASE.jar;C:\Users\Arkadiusz Koszela\.m2\repository\org\springframework\spring-context\5.1.8.RELEASE\spring-context-5.1.8.RELEASE.jar;C:\Users\Arkadiusz Koszela\.m2\repository\org\springframework\spring-core\5.1.8.R
Launcher Type: SUN_STANDARD

Environment Variables:
JAVA_HOME=C:\Program Files\Java\jdk1.8.0_201
PATH=C:\Program Files\Common Files\Microsoft Shared\Microsoft Online Services;C:\Program Files (x86)\Common Files\Microsoft Shared\Microsoft Online Services;C:\Program Files (x86)\Common Files\Oracle\Java\javapath;C:\ProgramData\Oracle\Java\javapath;C:\Program Files (x86)\Intel\iCLS Client\;C:\Program Files\Intel\iCLS Client\;C:\WINDOWS\system32;C:\WINDOWS;C:\WINDOWS\System32\Wbem;C:\WINDOWS\System32\WindowsPowerShell\v1.0\;C:\Program Files (x86)\Intel\Intel(R) Management Engine Components\DAL;C:\Program Files\Intel\Intel(R) Management Engine Components\DAL;C:\Program Files (x86)\Intel\Intel(R) Management Engine Components\IPT;C:\Program Files\Intel\Intel(R) Management Engine Components\IPT;C:\Program Files\Intel\WiFi\bin\;C:\Program Files\Common Files\Intel\WirelessCommon\;C:\WINDOWS\System32\OpenSSH\;C:\Program Files\SafeNet\Authentication\SAC\x64;C:\Program Files\SafeNet\Authentication\SAC\x32;C:\Program Files\Git\cmd;C:\WINDOWS\system32\config\systemprofile\AppData\Local\Microsoft\WindowsApps;C:\Program Files\Java\jdk1.8.0_201\bin;C:\Program Files\MySQL\MySQL Shell 8.0\bin\;C:\Users\Arkadiusz Koszela\AppData\Local\Programs\Fiddler;%USERPROFILE%\AppData\Local\Microsoft\WindowsApps;
USERNAME=Arkadiusz Koszela
OS=Windows_NT
PROCESSOR_IDENTIFIER=Intel64 Family 6 Model 61 Stepping 4, GenuineIntel



---------------  S Y S T E M  ---------------

OS: Windows 10.0 , 64 bit Build 18362 (10.0.18362.86)

CPU:total 4 (initial active 4) (2 cores per cpu, 2 threads per core) family 6 model 61 stepping 4, cmov, cx8, fxsr, mmx, sse, sse2, sse3, ssse3, sse4.1, sse4.2, popcnt, avx, avx2, aes, clmul, erms, 3dnowpref, lzcnt, ht, tsc, tscinvbit, bmi1, bmi2, adx

Memory: 4k page, physical 8289040k(1170584k free), swap 15995944k(2370340k free)

vm_info: Java HotSpot(TM) 64-Bit Server VM (25.201-b09) for windows-amd64 JRE (1.8.0_201-b09), built on Dec 15 2018 18:36:39 by "java_re" with MS VC++ 10.0 (VS2010)

time: Sat Jul 27 21:06:13 2019
timezone: Œrodkowoeuropejski czas letni
elapsed time: 17 seconds (0d 0h 0m 17s)

